[    0.000000] Initializing cgroup subsys cpuset
[    0.000000] Initializing cgroup subsys cpu
[    0.000000] Initializing cgroup subsys cpuacct
[    0.000000] Linux version 4.4.0-198-generic (buildd@lgw01-amd64-051) (gcc version 5.4.0 20160609 (Ubuntu 5.4.0-6ubuntu1~16.04.12) ) #230-Ubuntu SMP Sat Nov 28 01:30:29 UTC 2020 (Ubuntu 4.4.0-198.230-generic 4.4.244)
[    0.000000] Command line: BOOT_IMAGE=/boot/vmlinuz-4.4.0-198-generic root=UUID=30dd85e6-29db-4098-9c03-0a7f8d66e629 ro console=tty1 console=ttyS0
[    0.000000] KERNEL supported cpus:
[    0.000000]   Intel GenuineIntel
[    0.000000]   AMD AuthenticAMD
[    0.000000]   Centaur CentaurHauls
[    0.000000] x86/fpu: xstate_offset[2]:  576, xstate_sizes[2]:  256
[    0.000000] x86/fpu: Supporting XSAVE feature 0x01: 'x87 floating point registers'
[    0.000000] x86/fpu: Supporting XSAVE feature 0x02: 'SSE registers'
[    0.000000] x86/fpu: Supporting XSAVE feature 0x04: 'AVX registers'
[    0.000000] x86/fpu: Enabled xstate features 0x7, context size is 832 bytes, using 'standard' format.
[    0.000000] e820: BIOS-provided physical RAM map:
[    0.000000] BIOS-e820: [mem 0x0000000000000000-0x000000000009fbff] usable
[    0.000000] BIOS-e820: [mem 0x000000000009fc00-0x000000000009ffff] reserved
[    0.000000] BIOS-e820: [mem 0x00000000000f0000-0x00000000000fffff] reserved
[    0.000000] BIOS-e820: [mem 0x0000000000100000-0x00000000bffeffff] usable
[    0.000000] BIOS-e820: [mem 0x00000000bfff0000-0x00000000bfffffff] ACPI data
[    0.000000] BIOS-e820: [mem 0x00000000fec00000-0x00000000fec00fff] reserved
[    0.000000] BIOS-e820: [mem 0x00000000fee00000-0x00000000fee00fff] reserved
[    0.000000] BIOS-e820: [mem 0x00000000fffc0000-0x00000000ffffffff] reserved
[    0.000000] NX (Execute Disable) protection: active
[    0.000000] SMBIOS 2.5 present.
[    0.000000] Hypervisor detected: KVM
[    0.000000] Kernel/User page tables isolation: disabled
[    0.000000] e820: last_pfn = 0xbfff0 max_arch_pfn = 0x400000000
[    0.000000] MTRR: Disabled
[    0.000000] x86/PAT: MTRRs disabled, skipping PAT initialization too.
[    0.000000] CPU MTRRs all blank - virtualized system.
[    0.000000] x86/PAT: Configuration [0-7]: WB  WT  UC- UC  WB  WT  UC- UC  
[    0.000000] found SMP MP-table at [mem 0x0009fff0-0x0009ffff] mapped at [ffff88000009fff0]
[    0.000000] Scanning 1 areas for low memory corruption
[    0.000000] RAMDISK: [mem 0x361cc000-0x370ddfff]
[    0.000000] ACPI: Early table checksum verification disabled
[    0.000000] ACPI: RSDP 0x00000000000E0000 000024 (v02 VBOX  )
[    0.000000] ACPI: XSDT 0x00000000BFFF0030 00003C (v01 VBOX   VBOXXSDT 00000001 ASL  00000061)
[    0.000000] ACPI: FACP 0x00000000BFFF00F0 0000F4 (v04 VBOX   VBOXFACP 00000001 ASL  00000061)
[    0.000000] ACPI: DSDT 0x00000000BFFF0480 002325 (v02 VBOX   VBOXBIOS 00000002 INTL 20100528)
[    0.000000] ACPI: FACS 0x00000000BFFF0200 000040
[    0.000000] ACPI: FACS 0x00000000BFFF0200 000040
[    0.000000] ACPI: APIC 0x00000000BFFF0240 00006C (v02 VBOX   VBOXAPIC 00000001 ASL  00000061)
[    0.000000] ACPI: SSDT 0x00000000BFFF02B0 0001CC (v01 VBOX   VBOXCPUT 00000002 INTL 20100528)
[    0.000000] No NUMA configuration found
[    0.000000] Faking a node at [mem 0x0000000000000000-0x00000000bffeffff]
[    0.000000] NODE_DATA(0) allocated [mem 0xbffeb000-0xbffeffff]
[    0.000000] kvm-clock: Using msrs 4b564d01 and 4b564d00
[    0.000000] kvm-clock: cpu 0, msr 0:bffe3001, primary cpu clock
[    0.000000] kvm-clock: using sched offset of 3455373653 cycles
[    0.000000] clocksource: kvm-clock: mask: 0xffffffffffffffff max_cycles: 0x1cd42e4dffb, max_idle_ns: 881590591483 ns
[    0.000000] Zone ranges:
[    0.000000]   DMA      [mem 0x0000000000001000-0x0000000000ffffff]
[    0.000000]   DMA32    [mem 0x0000000001000000-0x00000000bffeffff]
[    0.000000]   Normal   empty
[    0.000000]   Device   empty
[    0.000000] Movable zone start for each node
[    0.000000] Early memory node ranges
[    0.000000]   node   0: [mem 0x0000000000001000-0x000000000009efff]
[    0.000000]   node   0: [mem 0x0000000000100000-0x00000000bffeffff]
[    0.000000] Initmem setup node 0 [mem 0x0000000000001000-0x00000000bffeffff]
[    0.000000] ACPI: PM-Timer IO Port: 0x4008
[    0.000000] IOAPIC[0]: apic_id 4, version 32, address 0xfec00000, GSI 0-23
[    0.000000] ACPI: INT_SRC_OVR (bus 0 bus_irq 0 global_irq 2 dfl dfl)
[    0.000000] ACPI: INT_SRC_OVR (bus 0 bus_irq 9 global_irq 9 low level)
[    0.000000] Using ACPI (MADT) for SMP configuration information
[    0.000000] smpboot: Allowing 4 CPUs, 0 hotplug CPUs
[    0.000000] PM: Registered nosave memory: [mem 0x00000000-0x00000fff]
[    0.000000] PM: Registered nosave memory: [mem 0x0009f000-0x0009ffff]
[    0.000000] PM: Registered nosave memory: [mem 0x000a0000-0x000effff]
[    0.000000] PM: Registered nosave memory: [mem 0x000f0000-0x000fffff]
[    0.000000] e820: [mem 0xc0000000-0xfebfffff] available for PCI devices
[    0.000000] Booting paravirtualized kernel on KVM
[    0.000000] clocksource: refined-jiffies: mask: 0xffffffff max_cycles: 0xffffffff, max_idle_ns: 7645519600211568 ns
[    0.000000] setup_percpu: NR_CPUS:512 nr_cpumask_bits:512 nr_cpu_ids:4 nr_node_ids:1
[    0.000000] PERCPU: Embedded 33 pages/cpu @ffff8800bfa00000 s95640 r8192 d31336 u524288
[    0.000000] Built 1 zonelists in Node order, mobility grouping on.  Total pages: 774008
[    0.000000] Policy zone: DMA32
[    0.000000] Kernel command line: BOOT_IMAGE=/boot/vmlinuz-4.4.0-198-generic root=UUID=30dd85e6-29db-4098-9c03-0a7f8d66e629 ro console=tty1 console=ttyS0
[    0.000000] PID hash table entries: 4096 (order: 3, 32768 bytes)
[    0.000000] Memory: 3061236K/3145272K available (8641K kernel code, 1337K rwdata, 4044K rodata, 1492K init, 1296K bss, 84036K reserved, 0K cma-reserved)
[    0.000000] SLUB: HWalign=64, Order=0-3, MinObjects=0, CPUs=4, Nodes=1
[    0.000000] Hierarchical RCU implementation.
[    0.000000] 	Build-time adjustment of leaf fanout to 64.
[    0.000000] 	RCU restricting CPUs from NR_CPUS=512 to nr_cpu_ids=4.
[    0.000000] RCU: Adjusting geometry for rcu_fanout_leaf=64, nr_cpu_ids=4
[    0.000000] NR_IRQS:33024 nr_irqs:456 16
[    0.000000] Console: colour VGA+ 80x25
[    0.000000] console [tty1] enabled
[    0.000000] console [ttyS0] enabled
[    0.000000] tsc: Detected 1799.998 MHz processor
[    0.287485] Calibrating delay loop (skipped) preset value.. 3599.99 BogoMIPS (lpj=7199992)
[    0.290170] pid_max: default: 32768 minimum: 301
[    0.291878] ACPI: Core revision 20150930
[    0.295061] ACPI: 2 ACPI AML tables successfully acquired and loaded
[    0.297021] Security Framework initialized
[    0.298265] Yama: becoming mindful.
[    0.299707] AppArmor: AppArmor initialized
[    0.302699] Dentry cache hash table entries: 524288 (order: 10, 4194304 bytes)
[    0.309693] Inode-cache hash table entries: 262144 (order: 9, 2097152 bytes)
[    0.312022] Mount-cache hash table entries: 8192 (order: 4, 65536 bytes)
[    0.314390] Mountpoint-cache hash table entries: 8192 (order: 4, 65536 bytes)
[    0.316984] Initializing cgroup subsys io
[    0.318626] Initializing cgroup subsys memory
[    0.320162] Initializing cgroup subsys devices
[    0.321594] Initializing cgroup subsys freezer
[    0.323373] Initializing cgroup subsys net_cls
[    0.324941] Initializing cgroup subsys perf_event
[    0.327099] Initializing cgroup subsys net_prio
[    0.328678] Initializing cgroup subsys hugetlb
[    0.330232] Initializing cgroup subsys pids
[    0.333134] mce: CPU supports 0 MCE banks
[    0.334746] Last level iTLB entries: 4KB 64, 2MB 8, 4MB 8
[    0.336418] Last level dTLB entries: 4KB 64, 2MB 0, 4MB 0, 1GB 4
[    0.338272] Spectre V1 : Mitigation: usercopy/swapgs barriers and __user pointer sanitization
[    0.342517] Spectre V2 : Mitigation: Full generic retpoline
[    0.344641] Spectre V2 : Spectre v2 / SpectreRSB mitigation: Filling RSB on context switch
[    0.347325] Speculative Store Bypass: Vulnerable
[    0.348944] SRBDS: Unknown: Dependent on hypervisor status
[    0.351132] MDS: Mitigation: Clear CPU buffers
[    0.356042] Freeing SMP alternatives memory: 36K
[    0.365308] ftrace: allocating 32360 entries in 127 pages
[    0.443435] smpboot: APIC(0) Converting physical 0 to logical package 0
[    0.445276] smpboot: Max logical packages: 1
[    0.447179] x2apic enabled
[    0.448629] Switched APIC routing to physical x2apic.
[    0.451682] ..TIMER: vector=0x30 apic1=0 pin1=2 apic2=-1 pin2=-1
[    0.561539] smpboot: CPU0: Intel(R) Core(TM) i5-8265U CPU @ 1.60GHz (family: 0x6, model: 0x8e, stepping: 0xb)
[    0.564411] Performance Events: unsupported p6 CPU model 142 no PMU driver, software events only.
[    0.575149] KVM setup paravirtual spinlock
[    0.578302] x86: Booting SMP configuration:
[    0.579647] .... node  #0, CPUs:      #1
[    0.581074] kvm-clock: cpu 1, msr 0:bffe3041, secondary cpu clock
[    0.583527] mce: CPU supports 0 MCE banks
[    0.586395]  #2
[    0.587037] kvm-clock: cpu 2, msr 0:bffe3081, secondary cpu clock
[    0.589368] mce: CPU supports 0 MCE banks
[    0.592636]  #3
[    0.593289] kvm-clock: cpu 3, msr 0:bffe30c1, secondary cpu clock
[    0.595837] mce: CPU supports 0 MCE banks
[    0.598610] x86: Booted up 1 node, 4 CPUs
[    0.600110] smpboot: Total of 4 processors activated (14399.98 BogoMIPS)
[    0.602553] devtmpfs: initialized
[    0.604846] evm: security.selinux
[    0.605894] evm: security.SMACK64
[    0.606993] evm: security.SMACK64EXEC
[    0.608079] evm: security.SMACK64TRANSMUTE
[    0.609255] evm: security.SMACK64MMAP
[    0.610350] evm: security.ima
[    0.611318] evm: security.capability
[    0.612628] clocksource: jiffies: mask: 0xffffffff max_cycles: 0xffffffff, max_idle_ns: 7645041785100000 ns
[    0.615247] futex hash table entries: 1024 (order: 4, 65536 bytes)
[    0.617242] pinctrl core: initialized pinctrl subsystem
[    0.618792] RTC time:  1:17:13, date: 01/13/21
[    0.620285] NET: Registered protocol family 16
[    0.639095] cpuidle: using governor ladder
[    0.651938] cpuidle: using governor menu
[    0.654887] PCCT header not found.
[    0.657297] ACPI: bus type PCI registered
[    0.659976] acpiphp: ACPI Hot Plug PCI Controller Driver version: 0.5
[    0.663871] PCI: Using configuration type 1 for base access
[    0.683082] ACPI: Added _OSI(Module Device)
[    0.686538] ACPI: Added _OSI(Processor Device)
[    0.689325] ACPI: Added _OSI(3.0 _SCP Extensions)
[    0.692511] ACPI: Added _OSI(Processor Aggregator Device)
[    0.697120] ACPI: Executed 1 blocks of module-level executable AML code
[    0.708747] ACPI: Interpreter enabled
[    0.711395] ACPI: (supports S0 S5)
[    0.714272] ACPI: Using IOAPIC for interrupt routing
[    0.717793] PCI: Using host bridge windows from ACPI; if necessary, use "pci=nocrs" and report a bug
[    0.731460] ACPI: PCI Root Bridge [PCI0] (domain 0000 [bus 00-ff])
[    0.734714] acpi PNP0A03:00: _OSC: OS supports [ASPM ClockPM Segments MSI]
[    0.737861] acpi PNP0A03:00: _OSC: not requesting OS control; OS requires [ExtendedConfig ASPM ClockPM MSI]
[    0.741569] acpi PNP0A03:00: fail to add MMCONFIG information, can't access extended PCI configuration space under this bridge.
[    0.745501] PCI host bridge to bus 0000:00
[    0.746994] pci_bus 0000:00: root bus resource [io  0x0000-0x0cf7 window]
[    0.748899] pci_bus 0000:00: root bus resource [io  0x0d00-0xffff window]
[    0.750791] pci_bus 0000:00: root bus resource [mem 0x000a0000-0x000bffff window]
[    0.753026] pci_bus 0000:00: root bus resource [mem 0xc0000000-0xfdffffff window]
[    0.755092] pci_bus 0000:00: root bus resource [bus 00-ff]
[    0.758281] pci 0000:00:01.1: legacy IDE quirk: reg 0x10: [io  0x01f0-0x01f7]
[    0.759966] pci 0000:00:01.1: legacy IDE quirk: reg 0x14: [io  0x03f6]
[    0.773862] pci 0000:00:01.1: legacy IDE quirk: reg 0x18: [io  0x0170-0x0177]
[    0.775690] pci 0000:00:01.1: legacy IDE quirk: reg 0x1c: [io  0x0376]
[    0.812125] pci 0000:00:07.0: quirk: [io  0x4000-0x403f] claimed by PIIX4 ACPI
[    0.814125] pci 0000:00:07.0: quirk: [io  0x4100-0x410f] claimed by PIIX4 SMB
[    0.826153] ACPI: PCI Interrupt Link [LNKA] (IRQs 5 9 10 *11)
[    0.828615] ACPI: PCI Interrupt Link [LNKB] (IRQs 5 9 *10 11)
[    0.830857] ACPI: PCI Interrupt Link [LNKC] (IRQs 5 *9 10 11)
[    0.833200] ACPI: PCI Interrupt Link [LNKD] (IRQs 5 9 10 *11)
[    0.835628] ACPI: Enabled 2 GPEs in block 00 to 07
[    0.837415] vgaarb: setting as boot device: PCI:0000:00:02.0
[    0.838834] vgaarb: device added: PCI:0000:00:02.0,decodes=io+mem,owns=io+mem,locks=none
[    0.840973] vgaarb: loaded
[    0.841805] vgaarb: bridge control possible 0000:00:02.0
[    0.844660] SCSI subsystem initialized
[    0.845916] ACPI: bus type USB registered
[    0.847070] usbcore: registered new interface driver usbfs
[    0.848455] usbcore: registered new interface driver hub
[    0.849970] usbcore: registered new device driver usb
[    0.851553] PCI: Using ACPI for IRQ routing
[    0.853022] NetLabel: Initializing
[    0.854153] NetLabel:  domain hash size = 128
[    0.855335] NetLabel:  protocols = UNLABELED CIPSOv4
[    0.857887] NetLabel:  unlabeled traffic allowed by default
[    0.859482] amd_nb: Cannot enumerate AMD northbridges
[    0.860882] clocksource: Switched to clocksource kvm-clock
[    0.871281] AppArmor: AppArmor Filesystem Enabled
[    0.872619] pnp: PnP ACPI init
[    0.874323] pnp: PnP ACPI: found 3 devices
[    0.886846] clocksource: acpi_pm: mask: 0xffffff max_cycles: 0xffffff, max_idle_ns: 2085701024 ns
[    0.889663] NET: Registered protocol family 2
[    0.891087] TCP established hash table entries: 32768 (order: 6, 262144 bytes)
[    0.893283] TCP bind hash table entries: 32768 (order: 7, 524288 bytes)
[    0.894881] TCP: Hash tables configured (established 32768 bind 32768)
[    0.896497] UDP hash table entries: 2048 (order: 4, 65536 bytes)
[    0.898076] UDP-Lite hash table entries: 2048 (order: 4, 65536 bytes)
[    0.899819] NET: Registered protocol family 1
[    0.901161] pci 0000:00:00.0: Limiting direct PCI/PCI transfers
[    0.902775] pci 0000:00:01.0: Activating ISA DMA hang workarounds
[    0.906434] Unpacking initramfs...
[    1.130243] Freeing initrd memory: 15432K
[    1.131538] clocksource: tsc: mask: 0xffffffffffffffff max_cycles: 0x19f227af07c, max_idle_ns: 440795246167 ns
[    1.134177] platform rtc_cmos: registered platform RTC device (no PNP device found)
[    1.136352] Scanning for low memory corruption every 60 seconds
[    1.138739] audit: initializing netlink subsys (disabled)
[    1.140157] audit: type=2000 audit(1610500638.039:1): initialized
[    1.141923] Initialise system trusted keyring
[    1.144880] HugeTLB registered 2 MB page size, pre-allocated 0 pages
[    1.147621] zbud: loaded
[    1.148903] VFS: Disk quotas dquot_6.6.0
[    1.150033] VFS: Dquot-cache hash table entries: 512 (order 0, 4096 bytes)
[    1.151968] squashfs: version 4.0 (2009/01/31) Phillip Lougher
[    1.153892] fuse init (API version 7.23)
[    1.155212] Key type big_key registered
[    1.156324] Allocating IMA MOK and blacklist keyrings.
[    1.160451] Key type asymmetric registered
[    1.161628] Asymmetric key parser 'x509' registered
[    1.162952] Block layer SCSI generic (bsg) driver version 0.4 loaded (major 249)
[    1.165058] io scheduler noop registered
[    1.166127] io scheduler deadline registered (default)
[    1.167528] io scheduler cfq registered
[    1.168698] pci_hotplug: PCI Hot Plug PCI Core version: 0.5
[    1.170158] pciehp: PCI Express Hot Plug Controller Driver version: 0.4
[    1.171868] ACPI: AC Adapter [AC] (on-line)
[    1.173287] input: Power Button as /devices/LNXSYSTM:00/LNXPWRBN:00/input/input0
[    1.175290] ACPI: Power Button [PWRF]
[    1.176546] input: Sleep Button as /devices/LNXSYSTM:00/LNXSLPBN:00/input/input1
[    1.178770] ACPI: Sleep Button [SLPF]
[    1.180472] GHES: HEST is not enabled!
[    1.181270] ACPI: Battery Slot [BAT0] (battery present)
[    1.183980] Serial: 8250/16550 driver, 32 ports, IRQ sharing enabled
[    1.206598] 00:02: ttyS0 at I/O 0x3f8 (irq = 4, base_baud = 115200) is a 16550A
[    1.212613] Linux agpgart interface v0.103
[    1.216666] loop: module loaded
[    1.219219] scsi host0: ata_piix
[    1.220574] scsi host1: ata_piix
[    1.221751] ata1: PATA max UDMA/33 cmd 0x1f0 ctl 0x3f6 bmdma 0xd000 irq 14
[    1.223591] ata2: PATA max UDMA/33 cmd 0x170 ctl 0x376 bmdma 0xd008 irq 15
[    1.225842] libphy: Fixed MDIO Bus: probed
[    1.227457] tun: Universal TUN/TAP device driver, 1.6
[    1.228892] tun: (C) 1999-2004 Max Krasnyansky <maxk@qualcomm.com>
[    1.231199] PPP generic driver version 2.4.2
[    1.232666] ehci_hcd: USB 2.0 'Enhanced' Host Controller (EHCI) Driver
[    1.234887] ehci-pci: EHCI PCI platform driver
[    1.236506] ehci-platform: EHCI generic platform driver
[    1.238340] ohci_hcd: USB 1.1 'Open' Host Controller (OHCI) Driver
[    1.240400] ohci-pci: OHCI PCI platform driver
[    1.241687] ohci-platform: OHCI generic platform driver
[    1.243723] uhci_hcd: USB Universal Host Controller Interface driver
[    1.245688] i8042: PNP: PS/2 Controller [PNP0303:PS2K,PNP0f03:PS2M] at 0x60,0x64 irq 1,12
[    1.249246] serio: i8042 KBD port at 0x60,0x64 irq 1
[    1.251099] serio: i8042 AUX port at 0x60,0x64 irq 12
[    1.253067] mousedev: PS/2 mouse device common for all mice
[    1.255104] input: AT Translated Set 2 keyboard as /devices/platform/i8042/serio0/input/input2
[    1.258754] rtc_cmos rtc_cmos: rtc core: registered rtc_cmos as rtc0
[    1.261253] rtc_cmos rtc_cmos: alarms up to one day, 114 bytes nvram
[    1.263221] i2c /dev entries driver
[    1.264889] device-mapper: uevent: version 1.0.3
[    1.266686] device-mapper: ioctl: 4.34.0-ioctl (2015-10-28) initialised: dm-devel@redhat.com
[    1.270004] ledtrig-cpu: registered to indicate activity on CPUs
[    1.273287] NET: Registered protocol family 10
[    1.275311] NET: Registered protocol family 17
[    1.277141] Key type dns_resolver registered
[    1.279586] registered taskstats version 1
[    1.281535] Loading compiled-in X.509 certificates
[    1.284347] Loaded X.509 cert 'Build time autogenerated kernel key: 5a978b27f48525e60943fea4f7c8132006960a9d'
[    1.287651] zswap: loaded using pool lzo/zbud
[    1.291746] Key type trusted registered
[    1.297896] Key type encrypted registered
[    1.299343] AppArmor: AppArmor sha1 policy hashing enabled
[    1.301197] ima: No TPM chip found, activating TPM-bypass!
[    1.303357] ima: Allocated hash algorithm: sha1
[    1.304787] evm: HMAC attrs: 0x1
[    1.306788]   Magic number: 5:766:255
[    1.308224] rtc_cmos rtc_cmos: setting system clock to 2021-01-13 01:17:13 UTC (1610500633)
[    1.311496] BIOS EDD facility v0.16 2004-Jun-25, 0 devices found
[    1.314165] EDD information not available.
[    1.407760] Freeing unused kernel memory: 1492K
[    1.409560] Write protecting the kernel read-only data: 14336k
[    1.412143] Freeing unused kernel memory: 1588K
[    1.414352] Freeing unused kernel memory: 52K
Loading, please wait...
starting version 229
[    1.430521] random: systemd-udevd: uninitialized urandom read (16 bytes read, 3 bits of entropy available)
[    1.431362] random: udevadm: uninitialized urandom read (16 bytes read, 3 bits of entropy available)
[    1.431401] random: udevadm: uninitialized urandom read (16 bytes read, 3 bits of entropy available)
[    1.443958] random: systemd-udevd: uninitialized urandom read (16 bytes read, 3 bits of entropy available)
[    1.444533] random: udevadm: uninitialized urandom read (16 bytes read, 3 bits of entropy available)
[    1.444588] random: udevadm: uninitialized urandom read (16 bytes read, 3 bits of entropy available)
[    1.445035] random: udevadm: uninitialized urandom read (16 bytes read, 3 bits of entropy available)
[    1.445137] random: udevadm: uninitialized urandom read (16 bytes read, 3 bits of entropy available)
[    1.445229] random: udevadm: uninitialized urandom read (16 bytes read, 3 bits of entropy available)
[    1.445299] random: udevadm: uninitialized urandom read (16 bytes read, 3 bits of entropy available)
[    1.490778] Fusion MPT base driver 3.04.20
[    1.492763] Copyright (c) 1999-2008 LSI Corporation
[    1.495217] e1000: Intel(R) PRO/1000 Network Driver - version 7.3.21-k8-NAPI
[    1.497946] e1000: Copyright (c) 1999-2006 Intel Corporation.
[    1.508935] Fusion MPT SPI Host driver 3.04.20
[    1.510648] AVX2 version of gcm_enc/dec engaged.
[    1.512312] AES CTR mode by8 optimization enabled
[    1.726632] input: ImExPS/2 Generic Explorer Mouse as /devices/platform/i8042/serio1/input/input4
[    1.891072] e1000 0000:00:03.0 eth0: (PCI:33MHz:32-bit) 02:90:e9:96:cf:60
[    1.893104] e1000 0000:00:03.0 eth0: Intel(R) PRO/1000 Network Connection
[    1.895588] e1000 0000:00:03.0 enp0s3: renamed from eth0
[    1.895687] mptbase: ioc0: Initiating bringup
[    1.965415] ioc0: LSI53C1030 A0: Capabilities={Initiator}
[    2.129018] scsi host2: ioc0: LSI53C1030 A0, FwRev=00000000h, Ports=1, MaxQ=256, IRQ=20
[    2.245550] scsi 2:0:0:0: Direct-Access     VBOX     HARDDISK         1.0  PQ: 0 ANSI: 5
[    2.247714] scsi target2:0:0: Beginning Domain Validation
[    2.251438] scsi target2:0:0: Domain Validation skipping write tests
[    2.253254] scsi target2:0:0: Ending Domain Validation
[    2.254856] scsi target2:0:0: asynchronous
[    2.256979] scsi 2:0:1:0: Direct-Access     VBOX     HARDDISK         1.0  PQ: 0 ANSI: 5
[    2.259626] scsi target2:0:1: Beginning Domain Validation
[    2.274979] scsi target2:0:1: Domain Validation skipping write tests
[    2.276605] scsi target2:0:1: Ending Domain Validation
[    2.277982] scsi target2:0:1: asynchronous
[    2.289128] sd 2:0:0:0: [sda] 167772160 512-byte logical blocks: (85.9 GB/80.0 GiB)
[    2.289132] sd 2:0:0:0: Attached scsi generic sg0 type 0
[    2.289554] sd 2:0:1:0: Attached scsi generic sg1 type 0
[    2.289647] sd 2:0:1:0: [sdb] 20480 512-byte logical blocks: (10.5 MB/10.0 MiB)
[    2.289881] sd 2:0:1:0: [sdb] Write Protect is off
[    2.290026] sd 2:0:1:0: [sdb] Incomplete mode parameter data
[    2.290027] sd 2:0:1:0: [sdb] Assuming drive cache: write through
[    2.299747] sd 2:0:1:0: [sdb] Attached SCSI disk
[    2.302862] sd 2:0:0:0: [sda] Write Protect is off
[    2.304523] sd 2:0:0:0: [sda] Incomplete mode parameter data
[    2.306040] sd 2:0:0:0: [sda] Assuming drive cache: write through
[    2.311847]  sda: sda1
[    2.313922] sd 2:0:0:0: [sda] Attached SCSI disk
Begin: Loading essential drivers ... [    3.987300] md: linear personality registered for level -1
[    3.991875] md: multipath personality registered for level -4
[    3.995956] md: raid0 personality registered for level 0
[    4.502405] md: raid1 personality registered for level 1
[    4.573215] raid6: sse2x1   gen() 10869 MB/s
[    4.641531] raid6: sse2x1   xor()  8298 MB/s
[    4.708892] raid6: sse2x2   gen() 12452 MB/s
[    4.777153] raid6: sse2x2   xor()  8900 MB/s
[    4.845500] raid6: sse2x4   gen() 13614 MB/s
[    4.912907] raid6: sse2x4   xor() 10203 MB/s
[    4.981152] raid6: avx2x1   gen() 20231 MB/s
[    5.049502] raid6: avx2x2   gen() 23407 MB/s
[    5.117810] raid6: avx2x4   gen() 24591 MB/s
[    5.119110] raid6: using algorithm avx2x4 gen() 24591 MB/s
[    5.120757] raid6: using avx2x2 recovery algorithm
[    5.123801] xor: automatically using best checksumming function:
[    5.160885]    avx       : 28341.000 MB/sec
[    5.163447] async_tx: api initialized (async)
[    5.176402] md: raid6 personality registered for level 6
[    5.178533] md: raid5 personality registered for level 5
[    5.179955] md: raid4 personality registered for level 4
[    6.190467] md: raid10 personality registered for level 10
done.
Begin: Running /scripts/init-premount ... done.
Begin: Mounting root file system ... Begin: Running /scripts/local-top ... done.
Begin: Running /scripts/local-premount ... [    6.223252] Btrfs loaded
Scanning for Btrfs filesystems
done.
Warning: fsck not present, so skipping root file system
[    6.263832] EXT4-fs (sda1): mounted filesystem with ordered data mode. Opts: (null)
done.
Begin: Running /scripts/local-bottom ... done.
Begin: Running /scripts/init-bottom ... done.
[    6.923066] systemd[1]: systemd 229 running in system mode. (+PAM +AUDIT +SELINUX +IMA +APPARMOR +SMACK +SYSVINIT +UTMP +LIBCRYPTSETUP +GCRYPT +GNUTLS +ACL +XZ -LZ4 +SECCOMP +BLKID +ELFUTILS +KMOD -IDN)
[    6.928735] systemd[1]: Detected virtualization oracle.
[    6.930209] systemd[1]: Detected architecture x86-64.

Welcome to [1mUbuntu 16.04.6 LTS[0m!

[    6.935655] systemd[1]: Set hostname to <ubuntu-xenial>.
[    7.699895] systemd[1]: Listening on udev Control Socket.
[[0;32m  OK  [0m] Listening on udev Control Socket.
[    7.922402] systemd[1]: Reached target Encrypted Volumes.
[[0;32m  OK  [0m] Reached target Encrypted Volumes.
[    8.170899] systemd[1]: Reached target System Time Synchronized.
[[0;32m  OK  [0m] Reached target System Time Synchronized.
[    8.534821] systemd[1]: Listening on LVM2 metadata daemon socket.
[[0;32m  OK  [0m] Listening on LVM2 metadata daemon socket.
[    8.590989] systemd[1]: Listening on Journal Socket.
[[0;32m  OK  [0m] Listening on Journal Socket.
[    8.593471] systemd[1]: Created slice System Slice.
[[0;32m  OK  [0m] Created slice System Slice.
[    8.605762] systemd[1]: Starting Create list of required static device nodes for the current kernel...
         Starting Create list of required st... nodes for the current kernel...
[    8.617861] systemd[1]: Starting Set console keymap...
         Starting Set console keymap...
[    8.620355] systemd[1]: Mounting Huge Pages File System...
         Mounting Huge Pages File System...
[    8.629298] systemd[1]: Created slice User and Session Slice.
[[0;32m  OK  [0m] Created slice User and Session Slice.
[    8.639389] systemd[1]: Starting Uncomplicated firewall...
         Starting Uncomplicated firewall...
[    8.641758] systemd[1]: Listening on /dev/initctl Compatibility Named Pipe.
[[0;32m  OK  [0m] Listening on /dev/initctl Compatibility Named Pipe.
[    8.649574] systemd[1]: Started Trigger resolvconf update for networkd DNS.
[[0;32m  OK  [0m] Started Trigger resolvconf update for networkd DNS.
[    8.659661] systemd[1]: Starting Load Kernel Modules...
         Starting Load Kernel Modules...
[    8.662197] systemd[1]: Listening on Syslog Socket.
[[0;32m  OK  [0m] Listening on Syslog Socket.
[    8.669187] systemd[1]: Reached target Slices.
[[0;32m  OK  [0m] Reached target Slices.
[    8.671739] systemd[1]: Mounting Debug File System...
[    8.673768] Loading iSCSI transport class v2.0-870.
         Mounting Debug File System...
[    8.677244] systemd[1]: Reached target User and Group Name Lookups.
[[0;32m  OK  [0m] Reached target User and Group Name Lookups.
[    8.684751] iscsi: registered transport (tcp)
[    8.697082] systemd[1]: Starting Nameserver information manager...
         Starting Nameserver information manager...
[    8.700283] systemd[1]: Set up automount Arbitrary Executable File Formats File System Automount Point.
[[0;32m  OK  [0m] Set up automount Arbitrary Executab...ats File System Automount Point.
[    8.710211] systemd[1]: Reached target Swap.
[[0;32m  OK  [0m] Reached target Swap.
[    8.712327] systemd[1]: Started Forward Password Requests to Wall Directory Watch.
[[0;32m  OK  [0m] Started Forward Password Requests to Wall Directory Watch.
[    8.722476] iscsi: registered transport (iser)
[    8.726135] systemd[1]: Created slice system-serial\x2dgetty.slice.
[[0;32m  OK  [0m] Created slice system-serial\x2dgetty.slice.
[    8.728358] systemd[1]: Listening on Journal Socket (/dev/log).
[[0;32m  OK  [0m] Listening on Journal Socket (/dev/log).
[    8.737652] systemd[1]: Listening on LVM2 poll daemon socket.
[[0;32m  OK  [0m] Listening on LVM2 poll daemon socket.
[    8.753078] systemd[1]: Mounting POSIX Message Queue File System...
         Mounting POSIX Message Queue File System...
[    8.756227] systemd[1]: Starting Remount Root and Kernel File Systems...
         Starting Remount Root and Kernel File Systems...
[    8.758824] random: nonblocking pool is initialized
[    8.760305] systemd[1]: Listening on Device-mapper event daemon FIFOs.
[    8.760313] EXT4-fs (sda1): re-mounted. Opts: (null)
[[0;32m  OK  [0m] Listening on Device-mapper event daemon FIFOs.
[    8.764693] systemd[1]: Starting Monitoring of LVM2 mirrors, snapshots etc. using dmeventd or progress polling...
         Starting Monitoring of LVM2 mirrors... dmeventd or progress polling...
[    8.768230] systemd[1]: Listening on udev Kernel Socket.
[[0;32m  OK  [0m] Listening on udev Kernel Socket.
[    8.777538] systemd[1]: Listening on Journal Audit Socket.
[[0;32m  OK  [0m] Listening on Journal Audit Socket.
[    8.797127] systemd[1]: Starting Journal Service...
         Starting Journal Service...
[    8.800076] systemd[1]: Mounted POSIX Message Queue File System.
[[0;32m  OK  [0m] Mounted POSIX Message Queue File System.
[    8.813074] systemd[1]: Mounted Huge Pages File System.
[[0;32m  OK  [0m] Mounted Huge Pages File System.
[    8.821373] systemd[1]: Mounted Debug File System.
[[0;32m  OK  [0m] Mounted Debug File System.
[    8.829616] systemd[1]: Started Journal Service.
[[0;32m  OK  [0m] Started Journal Service.
[[0;32m  OK  [0m] Started Create list of required sta...ce nodes for the current kernel.
[[0;32m  OK  [0m] Started Set console keymap.
[[0;32m  OK  [0m] Started Uncomplicated firewall.
[[0;32m  OK  [0m] Started Load Kernel Modules.
[[0;32m  OK  [0m] Started Remount Root and Kernel File Systems.
[[0;32m  OK  [0m] Started LVM2 metadata daemon.
         Starting Load/Save Random Seed...
         Starting udev Coldplug all Devices...
         Starting Apply Kernel Variables...
         Mounting FUSE Control File System...
         Starting Create Static Device Nodes in /dev...
         Starting Flush Journal to Persistent Storage...
[[0;32m  OK  [0m] Mounted FUSE Control File System.
[[0;32m  OK  [0m] Started Nameserver information manager.
[[0;32m  OK  [0m] Started Load/Save Random Seed.
[[0;32m  OK  [0m] Started Apply Kernel Variables.
[[0;32m  OK  [0m] Started Create Static Device Nodes in /dev.
         Starting udev Kernel Device Manager...
[[0;32m  OK  [0m] Started Flush Journal to Persistent Storage.
[[0;32m  OK  [0m] Started udev Coldplug all Devices.
[[0;32m  OK  [0m] Started udev Kernel Device Manager.
[[0;32m  OK  [0m] Started Dispatch Password Requests to Console Directory Watch.
[[0;32m  OK  [0m] Started Monitoring of LVM2 mirrors,...ng dmeventd or progress polling.
[[0;32m  OK  [0m] Reached target Local File Systems (Pre).
[[0;32m  OK  [0m] Reached target Local File Systems.
         Starting Create Volatile Files and Directories...
         Starting Tell Plymouth To Write Out Runtime Data...
         Starting Initial cloud-init job (pre-networking)...
         Starting Set console font and keymap...
         Starting LSB: AppArmor initialization...
[[0;32m  OK  [0m] Started Create Volatile Files and Directories.
[[0;32m  OK  [0m] Started Tell Plymouth To Write Out Runtime Data.
[[0;32m  OK  [0m] Found device /dev/ttyS0.
[[0;32m  OK  [0m] Listening on Load/Save RF Kill Switch Status /dev/rfkill Watch.
         Starting Update UTMP about System Boot/Shutdown...
[[0;32m  OK  [0m] Started LSB: AppArmor initialization.
         Starting Load AppArmor profiles managed internally by snapd...
[[0;32m  OK  [0m] Started Load AppArmor profiles managed internally by snapd.
[[0;32m  OK  [0m] Started Update UTMP about System Boot/Shutdown.
[   10.170085] cloud-init[548]: Cloud-init v. 19.4-33-gbb4131a2-0ubuntu1~16.04.1 running 'init-local' at Wed, 13 Jan 2021 01:17:22 +0000. Up 9.76 seconds.
[[0;32m  OK  [0m] Started Set console font and keymap.
[[0;32m  OK  [0m] Created slice system-getty.slice.
[[0;32m  OK  [0m] Started Initial cloud-init job (pre-networking).
[[0;32m  OK  [0m] Reached target Network (Pre).
         Starting Raise network interfaces...
[[0;32m  OK  [0m] Started ifup for enp0s3.
[[0;32m  OK  [0m] Started Raise network interfaces.
[[0;32m  OK  [0m] Reached target Network.
         Starting Initial cloud-init job (metadata service crawler)...
[   11.364497] cloud-init[1004]: Cloud-init v. 19.4-33-gbb4131a2-0ubuntu1~16.04.1 running 'init' at Wed, 13 Jan 2021 01:17:23 +0000. Up 10.94 seconds.
[   11.366580] cloud-init[1004]: ci-info: ++++++++++++++++++++++++++++++++++++++Net device info++++++++++++++++++++++++++++++++++++++
[   11.368523] cloud-init[1004]: ci-info: +--------+------+----------------------------+---------------+--------+-------------------+
[   11.370487] cloud-init[1004]: ci-info: | Device |  Up  |          Address           |      Mask     | Scope  |     Hw-Address    |
[   11.371935] cloud-init[1004]: ci-info: +--------+------+----------------------------+---------------+--------+-------------------+
[   11.373834] cloud-init[1004]: ci-info: | enp0s3 | True |         10.0.2.15          | 255.255.255.0 | global | 02:90:e9:96:cf:60 |
[   11.381440] cloud-init[1004]: ci-info: | enp0s3 | True | fe80::90:e9ff:fe96:cf60/64 |       .       |  link  | 02:90:e9:96:cf:60 |
[   11.389234] cloud-init[1004]: ci-info: |   lo   | True |         127.0.0.1          |   255.0.0.0   |  host  |         .         |
[   11.391141] cloud-init[1004]: ci-info: |   lo   | True |          ::1/128           |       .       |  host  |         .         |
[   11.400829] cloud-init[1004]: ci-info: +--------+------+----------------------------+---------------+--------+-------------------+
[   11.402447] cloud-init[1004]: ci-info: +++++++++++++++++++++++++++Route IPv4 info++++++++++++++++++++++++++++
[   11.408687] cloud-init[1004]: ci-info: +-------+-------------+----------+---------------+-----------+-------+
[   11.416448] cloud-init[1004]: ci-info: | Route | Destination | Gateway  |    Genmask    | Interface | Flags |
[   11.425306] cloud-init[1004]: ci-info: +-------+-------------+----------+---------------+-----------+-------+
[   11.433008] [cloud-init[0;32m  OK  [0m] Started Initial cloud-init job (metadata service crawler).
[1004]: ci-info: |   0   |   0.0.0.0   | 10.0.2.2 |    0.0.0.0    |   enp0s3  |   UG  |
[   11.440688] [[0;32m  OK  [0m] cloud-initReached target Network is Online.[1004]: 
ci-info: |   1   |   10.0.2.0  | 0.0.0.0  | 255.255.255.0 |   enp0s3  |   U   |
[   11.442063] cloud-init[1004]: ci-info: +-------+-------------+----------+---------------+-----------+-------+
[   11.448525] cloud-init[1004]: ci-info: +++++++++++++++++++Route IPv6 info+++++++++++++++++++
[   11.461279] cloud-init[1004]: ci-info: +-------+-------------+---------+-----------+-------+
[   11.462883] cloud-init[1004]: ci-info: | Route | Destination | Gateway | Interface | Flags |
[   11.464676]          Starting iSCSI initiator daemon (iscsid)...
[[0;32m  OK  [0m] Reached target Cloud-config availability.
[[0;32m  OK  [0m] Reached target System Initialization.
cloud-init[1004]: ci-info: +-------+-------------+---------+-----------+-------+
[   11.472578] [[0;32m  OK  [0m] Started Daily apt download activities.
[[0;32m  OK  [0m] Listening on D-Bus System Message Bus Socket.
cloud-init[1004]: ci-info: |   0   |  fe80::/64  |    ::   |   enp0s3  |   U   |
[   11.476009] [[0;32m  OK  [0m] Started Clean PHP session files every 30 mins.
cloud-init[1004]: ci-info: |   3   |   ff00::/8  |    ::   |   enp0s3  |   U   |         Starting LXD - unix socket.
[[0;32m  OK  [0m] Started Message of the Day.
[[0;32m  OK  [0m] Listening on ACPID Listen Socket.

[   11.484592] [cloud-init[0;32m  OK  [0m] Started ACPI Events Check.
[[0;32m  OK  [0m] Reached target Paths.
[1004]: ci-info: +-------+-------------+---------+-----------+-------+
         Starting Socket activation for snappy daemon.
         Starting Docker Socket for the API.
[[0;32m  OK  [0m] Listening on UUID daemon activation socket.
[[0;32m  OK  [0m] Started Daily apt upgrade and clean activities.
[[0;32m  OK  [0m] Started Daily Cleanup of Temporary Directories.
[[0;32m  OK  [0m] Reached target Timers.
[[0;32m  OK  [0m] Listening on LXD - unix socket.
[[0;32m  OK  [0m] Listening on Socket activation for snappy daemon.
[[0;32m  OK  [0m] Listening on Docker Socket for the API.
[[0;32m  OK  [0m] Started iSCSI initiator daemon (iscsid).
         Starting Login to default iSCSI targets...
[[0;32m  OK  [0m] Reached target Sockets.
[[0;32m  OK  [0m] Reached target Basic System.
[[0;32m  OK  [0m] Started D-Bus System Message Bus.
         Starting System Logging Service...
         Starting /etc/rc.local Compatibility...
         Starting LSB: MD monitoring daemon...
[[0;32m  OK  [0m] Started Deferred execution scheduler.
         Starting Virtualbox guest utils...
         Starting MySQL Community Server...
         Starting Login Service...
         Starting LXD - container startup/shutdown...
         Starting containerd container runtime...
[[0;32m  OK  [0m] Started ACPI event daemon.
         Starting Accounts Service...
         Starting Snap Daemon...
         Starting LSB: Record successful boot for GRUB...
[[0;32m  OK  [0m] Started Regular background program processing daemon.
         Starting The PHP 7.4 FastCGI Process Manager...
[[0;32m  OK  [0m] Started FUSE filesystem for LXC.
         Starting OpenBSD Secure Shell server...
[[0;32m  OK  [0m] Started System Logging Service.
[[0;32m  OK  [0m] Started /etc/rc.local Compatibility.
[[0;32m  OK  [0m] Started containerd container runtime.
         Starting Docker Application Container Engine...
[[0;32m  OK  [0m] Started Login Service.
[[0;32m  OK  [0m] Started Unattended Upgrades Shutdown.
[[0;32m  OK  [0m] Started LSB: Record successful boot for GRUB.
[[0;32m  OK  [0m] Started Login to default iSCSI targets.
[[0;32m  OK  [0m] Started LSB: MD monitoring daemon.
[[0;32m  OK  [0m] Reached target Remote File Systems (Pre).
[[0;32m  OK  [0m] Reached target Remote File Systems.
         Starting LSB: Set the CPU Frequency Scaling governor to "ondemand"...
         Starting LSB: automatic crash report generation...
         Starting LSB: powerful, efficient, ...scalable Mail Transport Agent...
         Starting LSB: Set up cgroupfs mounts....
         Starting Permit User Sessions...
         Starting LSB: daemon to balance interrupts for SMP systems...
[[0;32m  OK  [0m] Started LSB: Set up cgroupfs mounts..
[[0;32m  OK  [0m] Started Permit User Sessions.
[[0;32m  OK  [0m] Started LSB: Set the CPU Frequency Scaling governor to "ondemand".
         Starting Hold until boot process finishes up...
         Starting Terminate Plymouth Boot Screen...
[[0;32m  OK  [0m] Started Hold until boot process finishes up.
[[0;32m  OK  [0m] Started Terminate Plymouth Boot Screen.
[[0;32m  OK  [0m] Started Virtualbox guest utils.
[[0;32m  OK  [0m] Started LSB: automatic crash report generation.
[[0;32m  OK  [0m] Started LSB: daemon to balance interrupts for SMP systems.
         Starting Authenticate and Authorize Users to Run Privileged Tasks...
[[0;32m  OK  [0m] Started Serial Getty on ttyS0.
[[0;32m  OK  [0m] Started Getty on tty1.
[[0;32m  OK  [0m] Reached target Login Prompts.
         Starting Set console scheme...
[[0;32m  OK  [0m] Started Set console scheme.
[[0;32m  OK  [0m] Started OpenBSD Secure Shell server.
[[0;32m  OK  [0m] Started Authenticate and Authorize Users to Run Privileged Tasks.
[[0;32m  OK  [0m] Started Accounts Service.
[[0;32m  OK  [0m] Created slice User Slice of vagrant.
         Starting User Manager for UID 1000...
[[0;32m  OK  [0m] Started LXD - container startup/shutdown.
[[0;32m  OK  [0m] Started Session 1 of user vagrant.
[[0;32m  OK  [0m] Started User Manager for UID 1000.
[[0;32m  OK  [0m] Started Snap Daemon.
         Starting Wait until snapd is fully seeded...
[[0;32m  OK  [0m] Started Wait until snapd is fully seeded.
         Starting Apply the settings specified in cloud-config...
[[0;32m  OK  [0m] Started The PHP 7.4 FastCGI Process Manager.
